<?xml version="1.0" encoding="UTF-8"?>
<!-- Generated by org.testng.reporters.JUnitXMLReporter -->
<testsuite hostname="Vasanth" name="Default test" tests="10" failures="0" timestamp="28 Dec 2020 09:26:06 GMT" time="55.574" errors="0">
  <testcase name="createNewUser" time="7.011" classname="org.sensiple.com.openspan.VerifyCreateUser"/>
  <testcase name="createNewUser" time="5.679" classname="org.sensiple.com.openspan.VerifyCreateUser"/>
  <testcase name="createNewUser" time="5.311" classname="org.sensiple.com.openspan.VerifyCreateUser"/>
  <testcase name="createNewUser" time="5.085" classname="org.sensiple.com.openspan.VerifyCreateUser"/>
  <testcase name="createNewUser" time="5.281" classname="org.sensiple.com.openspan.VerifyCreateUser"/>
  <testcase name="createNewUser" time="5.183" classname="org.sensiple.com.openspan.VerifyCreateUser"/>
  <testcase name="createNewUser" time="5.018" classname="org.sensiple.com.openspan.VerifyCreateUser"/>
  <testcase name="createNewUser" time="5.924" classname="org.sensiple.com.openspan.VerifyCreateUser"/>
  <testcase name="createNewUser" time="5.328" classname="org.sensiple.com.openspan.VerifyCreateUser"/>
  <testcase name="createNewUser" time="5.333" classname="org.sensiple.com.openspan.VerifyCreateUser"/>
</testsuite> <!-- Default test -->
