<?xml version="1.0" encoding="UTF-8"?>
<!-- Generated by org.testng.reporters.JUnitXMLReporter -->
<testsuite hostname="Vasanth" name="Test" tests="10" failures="0" timestamp="28 Dec 2020 08:14:56 GMT" time="14.02" errors="0">
  <testcase name="createNewUser" time="5.962" classname="org.sensiple.com.module1.CreateNewUser"/>
  <testcase name="createNewUser" time="1.42" classname="org.sensiple.com.module1.CreateNewUser"/>
  <testcase name="createNewUser" time="1.005" classname="org.sensiple.com.module1.CreateNewUser"/>
  <testcase name="createNewUser" time="0.731" classname="org.sensiple.com.module1.CreateNewUser"/>
  <testcase name="createNewUser" time="0.71" classname="org.sensiple.com.module1.CreateNewUser"/>
  <testcase name="createNewUser" time="0.681" classname="org.sensiple.com.module1.CreateNewUser"/>
  <testcase name="createNewUser" time="0.687" classname="org.sensiple.com.module1.CreateNewUser"/>
  <testcase name="createNewUser" time="0.727" classname="org.sensiple.com.module1.CreateNewUser"/>
  <testcase name="createNewUser" time="0.717" classname="org.sensiple.com.module1.CreateNewUser"/>
  <testcase name="createNewUser" time="0.762" classname="org.sensiple.com.module1.CreateNewUser"/>
</testsuite> <!-- Test -->
