<?xml version="1.0" encoding="UTF-8"?>
<testng-results skipped="0" failed="0" total="10" passed="10">
  <reporter-output>
  </reporter-output>
  <suite name="Default suite" duration-ms="55574" started-at="2020-12-28T09:25:10Z" finished-at="2020-12-28T09:26:06Z">
    <groups>
    </groups>
    <test name="Default test" duration-ms="55574" started-at="2020-12-28T09:25:10Z" finished-at="2020-12-28T09:26:06Z">
      <class name="org.sensiple.com.openspan.VerifyCreateUser">
        <test-method status="PASS" signature="checkSuiteSkip()[pri:0, instance:org.sensiple.com.openspan.VerifyCreateUser@402a079c]" name="checkSuiteSkip" is-config="true" duration-ms="11381" started-at="2020-12-28T14:54:59Z" finished-at="2020-12-28T14:55:10Z">
          <reporter-output>
          </reporter-output>
        </test-method> <!-- checkSuiteSkip -->
        <test-method status="PASS" signature="checkTestSkip()[pri:0, instance:org.sensiple.com.openspan.VerifyCreateUser@402a079c]" name="checkTestSkip" is-config="true" duration-ms="0" started-at="2020-12-28T14:55:10Z" finished-at="2020-12-28T14:55:10Z">
          <reporter-output>
          </reporter-output>
        </test-method> <!-- checkTestSkip -->
        <test-method status="PASS" signature="createNewUser(java.lang.String, java.lang.String, java.lang.String)[pri:0, instance:org.sensiple.com.openspan.VerifyCreateUser@402a079c]" name="createNewUser" duration-ms="7011" started-at="2020-12-28T14:55:10Z" data-provider="getTestData" finished-at="2020-12-28T14:55:17Z">
          <params>
            <param index="0">
              <value>
                <![CDATA[Ravi1]]>
              </value>
            </param>
            <param index="1">
              <value>
                <![CDATA[Kumar1]]>
              </value>
            </param>
            <param index="2">
              <value>
                <![CDATA[ravi1@gmail.com]]>
              </value>
            </param>
          </params>
          <reporter-output>
          </reporter-output>
        </test-method> <!-- createNewUser -->
        <test-method status="PASS" signature="createNewUser(java.lang.String, java.lang.String, java.lang.String)[pri:0, instance:org.sensiple.com.openspan.VerifyCreateUser@402a079c]" name="createNewUser" duration-ms="5679" started-at="2020-12-28T14:55:17Z" data-provider="getTestData" finished-at="2020-12-28T14:55:23Z">
          <params>
            <param index="0">
              <value>
                <![CDATA[Ravi2]]>
              </value>
            </param>
            <param index="1">
              <value>
                <![CDATA[Kumar2]]>
              </value>
            </param>
            <param index="2">
              <value>
                <![CDATA[ravi1@gmail.com]]>
              </value>
            </param>
          </params>
          <reporter-output>
          </reporter-output>
        </test-method> <!-- createNewUser -->
        <test-method status="PASS" signature="createNewUser(java.lang.String, java.lang.String, java.lang.String)[pri:0, instance:org.sensiple.com.openspan.VerifyCreateUser@402a079c]" name="createNewUser" duration-ms="5311" started-at="2020-12-28T14:55:23Z" data-provider="getTestData" finished-at="2020-12-28T14:55:28Z">
          <params>
            <param index="0">
              <value>
                <![CDATA[Ravi3]]>
              </value>
            </param>
            <param index="1">
              <value>
                <![CDATA[Kumar3]]>
              </value>
            </param>
            <param index="2">
              <value>
                <![CDATA[ravi1@gmail.com]]>
              </value>
            </param>
          </params>
          <reporter-output>
          </reporter-output>
        </test-method> <!-- createNewUser -->
        <test-method status="PASS" signature="createNewUser(java.lang.String, java.lang.String, java.lang.String)[pri:0, instance:org.sensiple.com.openspan.VerifyCreateUser@402a079c]" name="createNewUser" duration-ms="5085" started-at="2020-12-28T14:55:28Z" data-provider="getTestData" finished-at="2020-12-28T14:55:33Z">
          <params>
            <param index="0">
              <value>
                <![CDATA[Ravi4]]>
              </value>
            </param>
            <param index="1">
              <value>
                <![CDATA[Kumar4]]>
              </value>
            </param>
            <param index="2">
              <value>
                <![CDATA[ravi1@gmail.com]]>
              </value>
            </param>
          </params>
          <reporter-output>
          </reporter-output>
        </test-method> <!-- createNewUser -->
        <test-method status="PASS" signature="createNewUser(java.lang.String, java.lang.String, java.lang.String)[pri:0, instance:org.sensiple.com.openspan.VerifyCreateUser@402a079c]" name="createNewUser" duration-ms="5281" started-at="2020-12-28T14:55:33Z" data-provider="getTestData" finished-at="2020-12-28T14:55:39Z">
          <params>
            <param index="0">
              <value>
                <![CDATA[Ravi5]]>
              </value>
            </param>
            <param index="1">
              <value>
                <![CDATA[Kumar5]]>
              </value>
            </param>
            <param index="2">
              <value>
                <![CDATA[ravi1@gmail.com]]>
              </value>
            </param>
          </params>
          <reporter-output>
          </reporter-output>
        </test-method> <!-- createNewUser -->
        <test-method status="PASS" signature="createNewUser(java.lang.String, java.lang.String, java.lang.String)[pri:0, instance:org.sensiple.com.openspan.VerifyCreateUser@402a079c]" name="createNewUser" duration-ms="5183" started-at="2020-12-28T14:55:39Z" data-provider="getTestData" finished-at="2020-12-28T14:55:44Z">
          <params>
            <param index="0">
              <value>
                <![CDATA[Ravi6]]>
              </value>
            </param>
            <param index="1">
              <value>
                <![CDATA[Kumar6]]>
              </value>
            </param>
            <param index="2">
              <value>
                <![CDATA[ravi1@gmail.com]]>
              </value>
            </param>
          </params>
          <reporter-output>
          </reporter-output>
        </test-method> <!-- createNewUser -->
        <test-method status="PASS" signature="createNewUser(java.lang.String, java.lang.String, java.lang.String)[pri:0, instance:org.sensiple.com.openspan.VerifyCreateUser@402a079c]" name="createNewUser" duration-ms="5018" started-at="2020-12-28T14:55:44Z" data-provider="getTestData" finished-at="2020-12-28T14:55:49Z">
          <params>
            <param index="0">
              <value>
                <![CDATA[Ravi7]]>
              </value>
            </param>
            <param index="1">
              <value>
                <![CDATA[Kumar7]]>
              </value>
            </param>
            <param index="2">
              <value>
                <![CDATA[ravi1@gmail.com]]>
              </value>
            </param>
          </params>
          <reporter-output>
          </reporter-output>
        </test-method> <!-- createNewUser -->
        <test-method status="PASS" signature="createNewUser(java.lang.String, java.lang.String, java.lang.String)[pri:0, instance:org.sensiple.com.openspan.VerifyCreateUser@402a079c]" name="createNewUser" duration-ms="5924" started-at="2020-12-28T14:55:49Z" data-provider="getTestData" finished-at="2020-12-28T14:55:55Z">
          <params>
            <param index="0">
              <value>
                <![CDATA[Ravi8]]>
              </value>
            </param>
            <param index="1">
              <value>
                <![CDATA[Kumar8]]>
              </value>
            </param>
            <param index="2">
              <value>
                <![CDATA[ravi1@gmail.com]]>
              </value>
            </param>
          </params>
          <reporter-output>
          </reporter-output>
        </test-method> <!-- createNewUser -->
        <test-method status="PASS" signature="createNewUser(java.lang.String, java.lang.String, java.lang.String)[pri:0, instance:org.sensiple.com.openspan.VerifyCreateUser@402a079c]" name="createNewUser" duration-ms="5328" started-at="2020-12-28T14:55:55Z" data-provider="getTestData" finished-at="2020-12-28T14:56:00Z">
          <params>
            <param index="0">
              <value>
                <![CDATA[Ravi9]]>
              </value>
            </param>
            <param index="1">
              <value>
                <![CDATA[Kumar9]]>
              </value>
            </param>
            <param index="2">
              <value>
                <![CDATA[ravi1@gmail.com]]>
              </value>
            </param>
          </params>
          <reporter-output>
          </reporter-output>
        </test-method> <!-- createNewUser -->
        <test-method status="PASS" signature="createNewUser(java.lang.String, java.lang.String, java.lang.String)[pri:0, instance:org.sensiple.com.openspan.VerifyCreateUser@402a079c]" name="createNewUser" duration-ms="5333" started-at="2020-12-28T14:56:00Z" data-provider="getTestData" finished-at="2020-12-28T14:56:05Z">
          <params>
            <param index="0">
              <value>
                <![CDATA[Ravi10]]>
              </value>
            </param>
            <param index="1">
              <value>
                <![CDATA[Kumar10]]>
              </value>
            </param>
            <param index="2">
              <value>
                <![CDATA[ravi1@gmail.com]]>
              </value>
            </param>
          </params>
          <reporter-output>
          </reporter-output>
        </test-method> <!-- createNewUser -->
        <test-method status="PASS" signature="reportTestResult()[pri:0, instance:org.sensiple.com.openspan.VerifyCreateUser@402a079c]" name="reportTestResult" is-config="true" duration-ms="364" started-at="2020-12-28T14:56:05Z" finished-at="2020-12-28T14:56:06Z">
          <reporter-output>
          </reporter-output>
        </test-method> <!-- reportTestResult -->
        <test-method status="PASS" signature="tearDown()[pri:0, instance:org.sensiple.com.openspan.VerifyCreateUser@402a079c]" name="tearDown" is-config="true" duration-ms="423" started-at="2020-12-28T14:56:06Z" finished-at="2020-12-28T14:56:06Z">
          <reporter-output>
          </reporter-output>
        </test-method> <!-- tearDown -->
      </class> <!-- org.sensiple.com.openspan.VerifyCreateUser -->
    </test> <!-- Default test -->
  </suite> <!-- Default suite -->
</testng-results>
